Syncing notebooks from root to docs/source/notebooks...
Notebooks synced successfully!
Building the documentation with updated notebooks...
Using sphinx-build: /localhome/mei3/miniconda3/envs/RES/bin/sphinx-build
Source dir: docs/source
Build dir: docs/build/html
sphinx-build -v -b html docs/source docs/build/html || echo "Sphinx build failed"
Running Sphinx v8.2.3
loading translations [Python]... locale_dir /local-scratch/localhome/mei3/eliasinul/work/RESource/docs/source/locales/Python/LC_MESSAGES does not exist
locale_dir /local-scratch/localhome/mei3/eliasinul/work/RESource/docs/source/locales/Python/LC_MESSAGES does not exist
not available for built-in messages
loading pickled environment... The configuration has changed (7 options: 'html_context', 'html_permalinks_icon', 'html_sourcelink_suffix', 'html_theme_options', 'nbsphinx_requirejs_options', 'nbsphinx_requirejs_path', 'templates_path')
done
myst v4.0.1: MdParserConfig(commonmark_only=False, gfm_only=False, enable_extensions={'colon_fence', 'html_admonition'}, disable_syntax=[], all_links_external=False, links_external_new_tab=False, url_schemes=('http', 'https', 'mailto', 'ftp'), ref_domains=None, fence_as_directive={'eval-rst'}, number_code_blocks=[], title_to_header=False, heading_anchors=0, heading_slug_func=None, html_meta={}, footnote_sort=True, footnote_transition=True, words_per_minute=200, substitutions={}, linkify_fuzzy_links=True, dmath_allow_labels=True, dmath_allow_space=True, dmath_allow_digits=True, dmath_double_inline=False, update_mathjax=True, mathjax_classes='tex2jax_process|mathjax_process|math|output_area', enable_checkboxes=False, suppress_warnings=[], highlight_code_blocks=True)
Writing evaluated template result to /local-scratch/localhome/mei3/eliasinul/work/RESource/docs/build/html/_static/nbsphinx-code-cells.css
[autosummary] generating autosummary for: api.md, case.md, debug_api.md, getting_started.md, index.md, notebooks/Store_explorer.ipynb, notebooks/Visuals_BC.ipynb, resource_builder.md
locale_dir /local-scratch/localhome/mei3/eliasinul/work/RESource/docs/source/locales/Python/LC_MESSAGES does not exist
building [mo]: targets for 0 po files that are out of date
writing output... 
building [html]: targets for 2 source files that are out of date
updating environment: locale_dir /local-scratch/localhome/mei3/eliasinul/work/RESource/docs/source/locales/Python/LC_MESSAGES does not exist
0 added, 2 changed, 0 removed
reading sources... [ 50%] notebooks/Store_explorer
/localhome/mei3/miniconda3/envs/RES/lib/python3.12/site-packages/nbsphinx/__init__.py:1075: RuntimeWarning: You are using an unsupported version of pandoc (2.5).
Your version must be at least (2.9.2) but less than (4.0.0).
Refer to https://pandoc.org/installing.html.
Continuing with doubts...
  nbconvert.utils.pandoc.check_pandoc_version()
reading sources... [100%] notebooks/Visuals_BC

/local-scratch/localhome/mei3/eliasinul/work/RESource/docs/source/notebooks/Store_explorer.ipynb:2: WARNING: No smart quotes defined for language "Python". [docutils]
/local-scratch/localhome/mei3/eliasinul/work/RESource/docs/source/notebooks/Visuals_BC.ipynb:9: WARNING: No smart quotes defined for language "Python". [docutils]
looking for now-outdated files... none found
pickling environment... done
checking consistency... /local-scratch/localhome/mei3/eliasinul/work/RESource/docs/source/debug_api.md: WARNING: document isn't included in any toctree [toc.not_included]
done
preparing documents... done
copying assets... 
copying static files... 
Writing evaluated template result to /local-scratch/localhome/mei3/eliasinul/work/RESource/docs/build/html/_static/basic.css
Writing evaluated template result to /local-scratch/localhome/mei3/eliasinul/work/RESource/docs/build/html/_static/language_data.js
Writing evaluated template result to /local-scratch/localhome/mei3/eliasinul/work/RESource/docs/build/html/_static/documentation_options.js
copying static files: done
copying extra files... 
copying extra files: done
copying assets: done
writing output... [ 33%] index
writing output... [ 67%] notebooks/Store_explorer
writing output... [100%] notebooks/Visuals_BC

generating indices... genindex done
copying linked files... 
copying notebooks ... [ 50%] notebooks/Store_explorer.ipynb
copying notebooks ... [100%] notebooks/Visuals_BC.ipynb

highlighting module code... [  9%] RES.CellCapacityProcessor
highlighting module code... [ 18%] RES.atb
highlighting module code... [ 27%] RES.boundaries
highlighting module code... [ 36%] RES.cell
highlighting module code... [ 45%] RES.cluster
highlighting module code... [ 55%] RES.gaez
highlighting module code... [ 64%] RES.gwa
highlighting module code... [ 73%] RES.hdf5_handler
highlighting module code... [ 82%] RES.score
highlighting module code... [ 91%] RES.tech
highlighting module code... [100%] RES.units

writing additional pages... search done
copying images... [  6%] ../build/html/.doctrees/nbsphinx/notebooks_Store_explorer_15_0.png
copying images... [ 12%] ../build/html/.doctrees/nbsphinx/notebooks_Store_explorer_16_0.png
copying images... [ 18%] ../build/html/.doctrees/nbsphinx/notebooks_Store_explorer_17_0.png
copying images... [ 24%] ../build/html/.doctrees/nbsphinx/notebooks_Store_explorer_18_0.png
copying images... [ 29%] ../build/html/.doctrees/nbsphinx/notebooks_Store_explorer_19_1.png
copying images... [ 35%] ../build/html/.doctrees/nbsphinx/notebooks_Store_explorer_19_2.png
copying images... [ 41%] ../build/html/.doctrees/nbsphinx/notebooks_Store_explorer_22_0.png
copying images... [ 47%] ../build/html/.doctrees/nbsphinx/notebooks_Visuals_BC_16_1.png
copying images... [ 53%] ../build/html/.doctrees/nbsphinx/notebooks_Visuals_BC_22_2.png
copying images... [ 59%] ../build/html/.doctrees/nbsphinx/notebooks_Visuals_BC_25_1.png
copying images... [ 65%] ../build/html/.doctrees/nbsphinx/notebooks_Visuals_BC_28_1.png
copying images... [ 71%] ../build/html/.doctrees/nbsphinx/notebooks_Visuals_BC_31_1.png
copying images... [ 76%] ../build/html/.doctrees/nbsphinx/notebooks_Visuals_BC_37_1.png
copying images... [ 82%] ../build/html/.doctrees/nbsphinx/notebooks_Visuals_BC_43_0.png
copying images... [ 88%] ../build/html/.doctrees/nbsphinx/notebooks_Visuals_BC_46_0.png
copying images... [ 94%] ../build/html/.doctrees/nbsphinx/notebooks_Visuals_BC_54_0.png
copying images... [100%] ../build/html/.doctrees/nbsphinx/notebooks_Visuals_BC_55_0.png

dumping search index in English (code: en)... done
dumping object inventory... done

====================== slowest reading durations =======================
1.044 notebooks/Visuals_BC
0.361 notebooks/Store_explorer
build succeeded, 3 warnings.

The HTML pages are in docs/build/html.
Documentation built successfully! Open docs/build/html/index.html to view.
